<?xml version="1.0" encoding="UTF-8"?>
<!-- Generated by org.testng.reporters.JUnitReportReporter -->
<testsuite hostname="elx7nkld12-m5" name="ejnosvn.ChessTravails.TravailsTest" tests="8" failures="0" timestamp="18 Sep 2014 07:53:04 GMT" time="0.100" errors="0">
  <testcase name="testRookTravails" time="0.018" classname="ejnosvn.ChessTravails.TravailsTest"/>
  <testcase name="testKnightTravails" time="0.005" classname="ejnosvn.ChessTravails.TravailsTest"/>
  <testcase name="testRookTravails" time="0.004" classname="ejnosvn.ChessTravails.TravailsTest"/>
  <testcase name="testKnightTravails" time="0.007" classname="ejnosvn.ChessTravails.TravailsTest"/>
  <testcase name="testRookTravails" time="0.003" classname="ejnosvn.ChessTravails.TravailsTest"/>
  <testcase name="testRookTravails" time="0.023" classname="ejnosvn.ChessTravails.TravailsTest"/>
  <testcase name="testRookTravails" time="0.031" classname="ejnosvn.ChessTravails.TravailsTest"/>
  <testcase name="testRookTravails" time="0.009" classname="ejnosvn.ChessTravails.TravailsTest"/>
</testsuite> <!-- ejnosvn.ChessTravails.TravailsTest -->
