<?xml version="1.0" encoding="UTF-8"?>
<!-- Generated by org.testng.reporters.JUnitReportReporter -->
<testsuite hostname="elx7nkld12-m5" name="RookTravailsTest" tests="1" failures="0" timestamp="4 Sep 2014 12:23:15 GMT" time="0.013" errors="0">
  <testcase name="testKnightTravails" time="0.013" classname="RookTravailsTest"/>
</testsuite> <!-- RookTravailsTest -->
