<?xml version="1.0" encoding="UTF-8"?>
<!-- Generated by org.testng.reporters.JUnitReportReporter -->
<testsuite hostname="elx7nkld12-m5" name="TravailsTest" tests="8" failures="0" timestamp="18 Sep 2014 07:43:59 GMT" time="0.099" errors="0">
  <testcase name="testKnightTravails" time="0.006" classname="TravailsTest"/>
  <testcase name="testRookTravails" time="0.002" classname="TravailsTest"/>
  <testcase name="testRookTravails" time="0.005" classname="TravailsTest"/>
  <testcase name="testRookTravails" time="0.025" classname="TravailsTest"/>
  <testcase name="testKnightTravails" time="0.008" classname="TravailsTest"/>
  <testcase name="testRookTravails" time="0.028" classname="TravailsTest"/>
  <testcase name="testRookTravails" time="0.021" classname="TravailsTest"/>
  <testcase name="testRookTravails" time="0.004" classname="TravailsTest"/>
</testsuite> <!-- TravailsTest -->
