<?xml version="1.0" encoding="UTF-8"?>
<!-- Generated by org.testng.reporters.JUnitReportReporter -->
<testsuite hostname="TRANTOR" name="ejnosvn.ChessTravails.TravailsTest" tests="11" failures="0" timestamp="21 Sep 2014 18:04:29 GMT" time="0.059" errors="0">
  <testcase name="testRookTravails" time="0.008" classname="ejnosvn.ChessTravails.TravailsTest"/>
  <testcase name="testRookTravails" time="0.010" classname="ejnosvn.ChessTravails.TravailsTest"/>
  <testcase name="testKnightTravails" time="0.004" classname="ejnosvn.ChessTravails.TravailsTest"/>
  <testcase name="testRookTravails" time="0.003" classname="ejnosvn.ChessTravails.TravailsTest"/>
  <testcase name="testRookTravails" time="0.002" classname="ejnosvn.ChessTravails.TravailsTest"/>
  <testcase name="testKnightTravails" time="0.002" classname="ejnosvn.ChessTravails.TravailsTest"/>
  <testcase name="testRookTravails" time="0.013" classname="ejnosvn.ChessTravails.TravailsTest"/>
  <testcase name="testKnightTravails" time="0.007" classname="ejnosvn.ChessTravails.TravailsTest"/>
  <testcase name="testKnightTravails" time="0.003" classname="ejnosvn.ChessTravails.TravailsTest"/>
  <testcase name="testKnightTravails" time="0.004" classname="ejnosvn.ChessTravails.TravailsTest"/>
  <testcase name="testRookTravails" time="0.003" classname="ejnosvn.ChessTravails.TravailsTest"/>
</testsuite> <!-- ejnosvn.ChessTravails.TravailsTest -->
